2021-04-20T12:13:28.322613Z 0 [System] [MY-013169] [Server] /usr/sbin/mysqld (mysqld 8.0.24) initializing of server in progress as process 41
2021-04-20T12:13:28.335096Z 1 [System] [MY-013576] [InnoDB] InnoDB initialization has started.
2021-04-20T12:13:29.674605Z 1 [System] [MY-013577] [InnoDB] InnoDB initialization has ended.
2021-04-20T12:13:31.736965Z 6 [Warning] [MY-010453] [Server] root@localhost is created with an empty password ! Please consider switching off the --initialize-insecure option.
2021-04-20T12:13:36.420644Z 0 [System] [MY-010116] [Server] /usr/sbin/mysqld (mysqld 8.0.24) starting as process 86
2021-04-20T12:13:36.562057Z 1 [System] [MY-013576] [InnoDB] InnoDB initialization has started.
2021-04-20T12:13:37.144974Z 1 [System] [MY-013577] [InnoDB] InnoDB initialization has ended.
2021-04-20T12:13:37.274185Z 0 [System] [MY-011323] [Server] X Plugin ready for connections. Socket: /var/run/mysqld/mysqlx.sock
2021-04-20T12:13:37.408520Z 0 [Warning] [MY-010068] [Server] CA certificate ca.pem is self signed.
2021-04-20T12:13:37.408861Z 0 [System] [MY-013602] [Server] Channel mysql_main configured to support TLS. Encrypted connections are now supported for this channel.
2021-04-20T12:13:37.416894Z 0 [Warning] [MY-011810] [Server] Insecure configuration for --pid-file: Location '/var/run/mysqld' in the path is accessible to all OS users. Consider choosing a different directory.
2021-04-20T12:13:37.437720Z 0 [System] [MY-010931] [Server] /usr/sbin/mysqld: ready for connections. Version: '8.0.24'  socket: '/var/run/mysqld/mysqld.sock'  port: 0  MySQL Community Server - GPL.
2021-04-20T12:13:39.115357Z 13 [System] [MY-013172] [Server] Received SHUTDOWN from user root. Shutting down mysqld (Version: 8.0.24).
2021-04-20T12:13:40.379937Z 0 [System] [MY-010910] [Server] /usr/sbin/mysqld: Shutdown complete (mysqld 8.0.24)  MySQL Community Server - GPL.
2021-04-20T12:13:41.349000Z 0 [System] [MY-010116] [Server] /usr/sbin/mysqld (mysqld 8.0.24) starting as process 1
2021-04-20T12:13:41.361044Z 1 [System] [MY-013576] [InnoDB] InnoDB initialization has started.
2021-04-20T12:13:41.830051Z 1 [System] [MY-013577] [InnoDB] InnoDB initialization has ended.
2021-04-20T12:13:41.957836Z 0 [System] [MY-011323] [Server] X Plugin ready for connections. Bind-address: '::' port: 33060, socket: /var/run/mysqld/mysqlx.sock
2021-04-20T12:13:42.034350Z 0 [Warning] [MY-010068] [Server] CA certificate ca.pem is self signed.
2021-04-20T12:13:42.034742Z 0 [System] [MY-013602] [Server] Channel mysql_main configured to support TLS. Encrypted connections are now supported for this channel.
2021-04-20T12:13:42.038872Z 0 [Warning] [MY-011810] [Server] Insecure configuration for --pid-file: Location '/var/run/mysqld' in the path is accessible to all OS users. Consider choosing a different directory.
2021-04-20T12:13:42.057476Z 0 [System] [MY-010931] [Server] /usr/sbin/mysqld: ready for connections. Version: '8.0.24'  socket: '/var/run/mysqld/mysqld.sock'  port: 3306  MySQL Community Server - GPL.
